Arguments: 
  /Users/wczekalski/.fnm/node-versions/v12.2.0/installation/bin/node /Users/wczekalski/.yarn/bin/yarn.js

PATH: 
  /var/folders/jb/hlbdf7p15ys2lmy3mtlbt0g00000gn/T/fnm-shell-7182481/bin:/Users/wczekalski/.yarn/bin:/Users/wczekalski/.config/yarn/global/node_modules/.bin:/usr/local/bin:/usr/bin:/bin:/usr/sbin:/sbin:

Yarn version: 
  1.19.2

Node version: 
  12.2.0

Platform: 
  darwin x64

Trace: 
  SyntaxError: /Users/wczekalski/Documents/Work/Projects.nosync/nars/packages/nars-client/package.json: Unexpected token } in JSON at position 488
      at JSON.parse (<anonymous>)
      at /Users/wczekalski/.yarn/lib/cli.js:1625:59
      at Generator.next (<anonymous>)
      at step (/Users/wczekalski/.yarn/lib/cli.js:304:30)
      at /Users/wczekalski/.yarn/lib/cli.js:315:13

npm manifest: 
  {
    "name": "nars-client",
    "version": "0.0.0",
    "description": "React Native components for Nars",
    "main": "dist/index.js",
    "types": "dist/index.d.ts",
    "repository": "https://github.com/nars-dev/nars",
    "author": "Wojtek Czekalski <wojtek@nars.dev>",
    "license": "MIT",
    "private": false,
    "scripts": {
      "build": "tsc"
    },
    "peerDependencies": {
      "react-native": "0.60.x",
      "react-native-reanimated": "1.x.x"
    },
    "dependencies": {
      "nars-common": "0.0.0",
    },
    "devDependencies": {
      "@types/react": "^16.9.2",
      "@types/react-native": "^0.60.23",
      "@types/websocket": "^0.0.40",
      "prettier": "^1.18.2",
      "react-native": "0.61.0-rc.3",
      "react-native-reanimated": "^1.4.0",
      "ts-protoc-gen": "^0.12.1-pre.a78a914",
      "typescript": "^3.5.3"
    }
  }

yarn manifest: 
  No manifest

Lockfile: 
  No lockfile
